<?xml version="1.0" encoding="UTF-8"?>
<testng-results skipped="0" failed="0" ignored="0" total="1" passed="1">
  <reporter-output>
  </reporter-output>
  <suite name="Default suite" duration-ms="2967" started-at="2023-05-25T10:11:56 IST" finished-at="2023-05-25T10:11:59 IST">
    <groups>
    </groups>
    <test name="Default test" duration-ms="2967" started-at="2023-05-25T10:11:56 IST" finished-at="2023-05-25T10:11:59 IST">
      <class name="pom2.NewTest">
        <test-method status="PASS" signature="f()[pri:0, instance:pom2.NewTest@262b2c86]" name="f" duration-ms="2928" started-at="2023-05-25T10:11:56 IST" finished-at="2023-05-25T10:11:59 IST">
          <reporter-output>
          </reporter-output>
        </test-method> <!-- f -->
      </class> <!-- pom2.NewTest -->
    </test> <!-- Default test -->
  </suite> <!-- Default suite -->
</testng-results>
