<?xml version="1.0" encoding="UTF-8"?>
<!-- Generated by org.testng.reporters.JUnitXMLReporter -->
<testsuite hostname="LAPTOP-MM0IF1T0" ignored="0" name="Default test" tests="3" failures="0" timestamp="2023-05-22T10:05:00 IST" time="8.625" errors="0">
  <testcase name="f" time="3.486" classname="dataproviderpara.NewTest"/>
  <testcase name="f" time="1.865" classname="dataproviderpara.NewTest"/>
  <testcase name="f" time="2.5" classname="dataproviderpara.NewTest"/>
</testsuite> <!-- Default test -->
