<?xml version="1.0" encoding="UTF-8"?>
<testng-results skipped="0" failed="0" ignored="0" total="3" passed="3">
  <reporter-output>
  </reporter-output>
  <suite name="Default suite" duration-ms="8849" started-at="2023-05-19T10:11:33 IST" finished-at="2023-05-19T10:11:42 IST">
    <groups>
    </groups>
    <test name="Default test" duration-ms="8849" started-at="2023-05-19T10:11:33 IST" finished-at="2023-05-19T10:11:42 IST">
      <class name="testng1.NewTest">
        <test-method status="PASS" signature="a()[pri:0, instance:testng1.NewTest@262b2c86]" name="a" duration-ms="2594" started-at="2023-05-19T10:11:33 IST" finished-at="2023-05-19T10:11:36 IST">
          <reporter-output>
          </reporter-output>
        </test-method> <!-- a -->
        <test-method status="PASS" signature="b()[pri:0, instance:testng1.NewTest@262b2c86]" name="b" duration-ms="2412" started-at="2023-05-19T10:11:36 IST" finished-at="2023-05-19T10:11:38 IST">
          <reporter-output>
          </reporter-output>
        </test-method> <!-- b -->
        <test-method status="PASS" signature="c()[pri:0, instance:testng1.NewTest@262b2c86]" name="c" duration-ms="3802" started-at="2023-05-19T10:11:38 IST" finished-at="2023-05-19T10:11:42 IST">
          <reporter-output>
          </reporter-output>
        </test-method> <!-- c -->
      </class> <!-- testng1.NewTest -->
    </test> <!-- Default test -->
  </suite> <!-- Default suite -->
</testng-results>
