<?xml version="1.0" encoding="UTF-8"?>
<testng-results skipped="0" failed="0" ignored="0" total="3" passed="3">
  <reporter-output>
  </reporter-output>
  <suite name="Default suite" duration-ms="7539" started-at="2023-05-19T10:15:47 IST" finished-at="2023-05-19T10:15:54 IST">
    <groups>
    </groups>
    <test name="Default test" duration-ms="7539" started-at="2023-05-19T10:15:47 IST" finished-at="2023-05-19T10:15:54 IST">
      <class name="testngpriority.NewTest">
        <test-method status="PASS" signature="f1()[pri:0, instance:testngpriority.NewTest@262b2c86]" name="f1" duration-ms="2825" started-at="2023-05-19T10:15:47 IST" finished-at="2023-05-19T10:15:50 IST">
          <reporter-output>
          </reporter-output>
        </test-method> <!-- f1 -->
        <test-method status="PASS" signature="f2()[pri:0, instance:testngpriority.NewTest@262b2c86]" name="f2" duration-ms="2662" started-at="2023-05-19T10:15:50 IST" finished-at="2023-05-19T10:15:52 IST">
          <reporter-output>
          </reporter-output>
        </test-method> <!-- f2 -->
        <test-method status="PASS" signature="f()[pri:2, instance:testngpriority.NewTest@262b2c86]" name="f" duration-ms="2005" started-at="2023-05-19T10:15:52 IST" finished-at="2023-05-19T10:15:54 IST">
          <reporter-output>
          </reporter-output>
        </test-method> <!-- f -->
      </class> <!-- testngpriority.NewTest -->
    </test> <!-- Default test -->
  </suite> <!-- Default suite -->
</testng-results>
