<?xml version="1.0" encoding="UTF-8"?>
<testng-results skipped="0" failed="0" ignored="0" total="3" passed="3">
  <reporter-output>
  </reporter-output>
  <suite name="Suite" duration-ms="16553" started-at="2023-05-23T20:06:31 IST" finished-at="2023-05-23T20:06:48 IST">
    <groups>
    </groups>
    <test name="Test" duration-ms="7209" started-at="2023-05-23T20:06:31 IST" finished-at="2023-05-23T20:06:38 IST">
      <class name="testngparam.NewTest">
        <test-method status="PASS" signature="f(java.lang.String)[pri:0, instance:testngparam.NewTest@706a04ae]" name="f" duration-ms="7160" started-at="2023-05-23T20:06:31 IST" finished-at="2023-05-23T20:06:38 IST">
          <params>
            <param index="0">
              <value>
                <![CDATA[testing]]>
              </value>
            </param>
          </params>
          <reporter-output>
          </reporter-output>
        </test-method> <!-- f -->
      </class> <!-- testngparam.NewTest -->
    </test> <!-- Test -->
    <test name="Test1" duration-ms="5194" started-at="2023-05-23T20:06:38 IST" finished-at="2023-05-23T20:06:44 IST">
      <class name="testngparam.NewTest">
        <test-method status="PASS" signature="f(java.lang.String)[pri:0, instance:testngparam.NewTest@57f23557]" name="f" duration-ms="5191" started-at="2023-05-23T20:06:38 IST" finished-at="2023-05-23T20:06:44 IST">
          <params>
            <param index="0">
              <value>
                <![CDATA[php]]>
              </value>
            </param>
          </params>
          <reporter-output>
          </reporter-output>
        </test-method> <!-- f -->
      </class> <!-- testngparam.NewTest -->
    </test> <!-- Test1 -->
    <test name="Test2" duration-ms="4111" started-at="2023-05-23T20:06:44 IST" finished-at="2023-05-23T20:06:48 IST">
      <class name="testngparam.NewTest">
        <test-method status="PASS" signature="f(java.lang.String)[pri:0, instance:testngparam.NewTest@43d7741f]" name="f" duration-ms="4108" started-at="2023-05-23T20:06:44 IST" finished-at="2023-05-23T20:06:48 IST">
          <params>
            <param index="0">
              <value>
                <![CDATA[.net]]>
              </value>
            </param>
          </params>
          <reporter-output>
          </reporter-output>
        </test-method> <!-- f -->
      </class> <!-- testngparam.NewTest -->
    </test> <!-- Test2 -->
  </suite> <!-- Suite -->
</testng-results>
